<?xml version="1.0" encoding="UTF-8"?>
<!-- Generated by org.testng.reporters.JUnitReportReporter -->
<testsuite hostname="DESKTOP-O6V9D41" failures="0" tests="1" name="com.VMS.TestScripts.TaskCreation" time="33.974" errors="0" timestamp="2024-05-23T15:35:48 IST" skipped="0">
  <testcase classname="com.VMS.TestScripts.TaskCreation" name="taskRsister" time="33.974"/>
  <system-out>
    <![CDATA[Test started at: 2024-05-23 15:35:14
task register
 Issue with TADAadvtourplannotApproved Popup, either popup not found or issue with locators. Continuing with the next steps...
TaskcreatedSuccessfullPopup found and handled
failtosaveContactAdmin popup not found ,Continuing with the next steps... 
Test ended at: 2024-05-23 15:35:42]]>
  </system-out>
</testsuite> <!-- com.VMS.TestScripts.TaskCreation -->
